<?xml version="1.0" encoding="UTF-8"?><testsuite errors="0" failures="3" name="Create Book API Tests" skipped="0" tests="10" time="1.43" timestamp="2025-01-07 04:55:06"><testcase name="Successfully create a new book"/><testcase name="Attempt to create a book with empty title and author as a normal user"><failure message="1 expectation failed.&#10;Expected status code &lt;400&gt; but was &lt;201&gt;.&#10;" type="java.lang.AssertionError">1 expectation failed.
Expected status code &lt;400&gt; but was &lt;201&gt;.
</failure><system-err>1 expectation failed.
Expected status code &lt;400&gt; but was &lt;201&gt;.

io.restassured.internal.ResponseSpecificationImpl.validateResponseIfRequired(ResponseSpecificationImpl.groovy:674)
io.restassured.internal.ResponseSpecificationImpl.statusCode(ResponseSpecificationImpl.groovy:126)
io.restassured.internal.ResponseSpecificationImpl.statusCode(ResponseSpecificationImpl.groovy:134)
io.restassured.internal.ValidatableResponseOptionsImpl.statusCode(ValidatableResponseOptionsImpl.java:89)
io.restassured.internal.ValidatableResponseImpl.super$2$statusCode(ValidatableResponseImpl.groovy)
groovy.lang.MetaMethod.doMethodInvoke(MetaMethod.java:323)
groovy.lang.MetaClassImpl.invokeMethod(MetaClassImpl.java:1267)
io.restassured.internal.ValidatableResponseImpl.statusCode(ValidatableResponseImpl.groovy:142)
io.restassured.internal.ValidatableResponseImpl.statusCode(ValidatableResponseImpl.groovy)
serenity.rest.starter@1.0.0-SNAPSHOT/starter.steps.api.UtilSteps.lambda$theResponseStatusCodeShouldBe$0(UtilSteps.java:10)
net.serenitybdd.rest.SerenityRest.restAssuredThat(SerenityRest.java:626)
serenity.rest.starter@1.0.0-SNAPSHOT/starter.steps.api.UtilSteps.theResponseStatusCodeShouldBe(UtilSteps.java:10)
✽.the response status code should be 400(classpath:features/api/post_books.feature:18)
</system-err></testcase><testcase name="Attempt to create a book with an ID that already exists"><failure message="1 expectation failed.&#10;Expected status code &lt;208&gt; but was &lt;201&gt;.&#10;" type="java.lang.AssertionError">1 expectation failed.
Expected status code &lt;208&gt; but was &lt;201&gt;.
</failure><system-err>1 expectation failed.
Expected status code &lt;208&gt; but was &lt;201&gt;.

io.restassured.internal.ResponseSpecificationImpl.validateResponseIfRequired(ResponseSpecificationImpl.groovy:674)
io.restassured.internal.ResponseSpecificationImpl.statusCode(ResponseSpecificationImpl.groovy:126)
io.restassured.internal.ResponseSpecificationImpl.statusCode(ResponseSpecificationImpl.groovy:134)
io.restassured.internal.ValidatableResponseOptionsImpl.statusCode(ValidatableResponseOptionsImpl.java:89)
io.restassured.internal.ValidatableResponseImpl.super$2$statusCode(ValidatableResponseImpl.groovy)
groovy.lang.MetaMethod.doMethodInvoke(MetaMethod.java:323)
groovy.lang.MetaClassImpl.invokeMethod(MetaClassImpl.java:1267)
io.restassured.internal.ValidatableResponseImpl.statusCode(ValidatableResponseImpl.groovy:142)
io.restassured.internal.ValidatableResponseImpl.statusCode(ValidatableResponseImpl.groovy)
serenity.rest.starter@1.0.0-SNAPSHOT/starter.steps.api.UtilSteps.lambda$theResponseStatusCodeShouldBe$0(UtilSteps.java:10)
net.serenitybdd.rest.SerenityRest.restAssuredThat(SerenityRest.java:626)
serenity.rest.starter@1.0.0-SNAPSHOT/starter.steps.api.UtilSteps.theResponseStatusCodeShouldBe(UtilSteps.java:10)
✽.the response status code should be 208(classpath:features/api/post_books.feature:30)
</system-err></testcase><testcase name="Attempt to create a book with missing values in title with author"><failure message="1 expectation failed.&#10;Expected status code &lt;400&gt; but was &lt;208&gt;.&#10;" type="java.lang.AssertionError">1 expectation failed.
Expected status code &lt;400&gt; but was &lt;208&gt;.
</failure><system-err>1 expectation failed.
Expected status code &lt;400&gt; but was &lt;208&gt;.

io.restassured.internal.ResponseSpecificationImpl.validateResponseIfRequired(ResponseSpecificationImpl.groovy:674)
io.restassured.internal.ResponseSpecificationImpl.statusCode(ResponseSpecificationImpl.groovy:126)
io.restassured.internal.ResponseSpecificationImpl.statusCode(ResponseSpecificationImpl.groovy:134)
io.restassured.internal.ValidatableResponseOptionsImpl.statusCode(ValidatableResponseOptionsImpl.java:89)
io.restassured.internal.ValidatableResponseImpl.super$2$statusCode(ValidatableResponseImpl.groovy)
groovy.lang.MetaMethod.doMethodInvoke(MetaMethod.java:323)
groovy.lang.MetaClassImpl.invokeMethod(MetaClassImpl.java:1267)
io.restassured.internal.ValidatableResponseImpl.statusCode(ValidatableResponseImpl.groovy:142)
io.restassured.internal.ValidatableResponseImpl.statusCode(ValidatableResponseImpl.groovy)
serenity.rest.starter@1.0.0-SNAPSHOT/starter.steps.api.UtilSteps.lambda$theResponseStatusCodeShouldBe$0(UtilSteps.java:10)
net.serenitybdd.rest.SerenityRest.restAssuredThat(SerenityRest.java:626)
serenity.rest.starter@1.0.0-SNAPSHOT/starter.steps.api.UtilSteps.theResponseStatusCodeShouldBe(UtilSteps.java:10)
✽.the response status code should be 400(classpath:features/api/post_books.feature:41)
</system-err></testcase><testcase name="Invalid ID format"/><testcase name="Book Already Exists by name"/></testsuite>