<?xml version="1.0" encoding="UTF-8"?><testsuite errors="0" failures="3" name="Get Book by ID" skipped="0" tests="5" time="4.82" timestamp="2025-01-07 04:55:00"><testcase name="Retrieve a book with a valid ID as an admin/user"><failure message="1 expectation failed.&#10;Expected status code &lt;200&gt; but was &lt;403&gt;.&#10;" type="java.lang.AssertionError">1 expectation failed.
Expected status code &lt;200&gt; but was &lt;403&gt;.
</failure><system-err>1 expectation failed.
Expected status code &lt;200&gt; but was &lt;403&gt;.

io.restassured.internal.ResponseSpecificationImpl.validateResponseIfRequired(ResponseSpecificationImpl.groovy:674)
io.restassured.internal.ResponseSpecificationImpl.statusCode(ResponseSpecificationImpl.groovy:126)
io.restassured.internal.ResponseSpecificationImpl.statusCode(ResponseSpecificationImpl.groovy:134)
io.restassured.internal.ValidatableResponseOptionsImpl.statusCode(ValidatableResponseOptionsImpl.java:89)
io.restassured.internal.ValidatableResponseImpl.super$2$statusCode(ValidatableResponseImpl.groovy)
groovy.lang.MetaMethod.doMethodInvoke(MetaMethod.java:323)
groovy.lang.MetaClassImpl.invokeMethod(MetaClassImpl.java:1267)
io.restassured.internal.ValidatableResponseImpl.statusCode(ValidatableResponseImpl.groovy:142)
io.restassured.internal.ValidatableResponseImpl.statusCode(ValidatableResponseImpl.groovy)
serenity.rest.starter@1.0.0-SNAPSHOT/starter.steps.api.UtilSteps.lambda$theResponseStatusCodeShouldBe$0(UtilSteps.java:10)
net.serenitybdd.rest.SerenityRest.restAssuredThat(SerenityRest.java:626)
serenity.rest.starter@1.0.0-SNAPSHOT/starter.steps.api.UtilSteps.theResponseStatusCodeShouldBe(UtilSteps.java:10)
✽.the response status code should be 200(classpath:features/api/%20get_book_by_id.feature:7)
</system-err></testcase><testcase name="Retrieve a non-existent book by ID"><failure message="1 expectation failed.&#10;Expected status code &lt;404&gt; but was &lt;403&gt;.&#10;" type="java.lang.AssertionError">1 expectation failed.
Expected status code &lt;404&gt; but was &lt;403&gt;.
</failure><system-err>1 expectation failed.
Expected status code &lt;404&gt; but was &lt;403&gt;.

io.restassured.internal.ResponseSpecificationImpl.validateResponseIfRequired(ResponseSpecificationImpl.groovy:674)
io.restassured.internal.ResponseSpecificationImpl.statusCode(ResponseSpecificationImpl.groovy:126)
io.restassured.internal.ResponseSpecificationImpl.statusCode(ResponseSpecificationImpl.groovy:134)
io.restassured.internal.ValidatableResponseOptionsImpl.statusCode(ValidatableResponseOptionsImpl.java:89)
io.restassured.internal.ValidatableResponseImpl.super$2$statusCode(ValidatableResponseImpl.groovy)
groovy.lang.MetaMethod.doMethodInvoke(MetaMethod.java:323)
groovy.lang.MetaClassImpl.invokeMethod(MetaClassImpl.java:1267)
io.restassured.internal.ValidatableResponseImpl.statusCode(ValidatableResponseImpl.groovy:142)
io.restassured.internal.ValidatableResponseImpl.statusCode(ValidatableResponseImpl.groovy)
serenity.rest.starter@1.0.0-SNAPSHOT/starter.steps.api.UtilSteps.lambda$theResponseStatusCodeShouldBe$0(UtilSteps.java:10)
net.serenitybdd.rest.SerenityRest.restAssuredThat(SerenityRest.java:626)
serenity.rest.starter@1.0.0-SNAPSHOT/starter.steps.api.UtilSteps.theResponseStatusCodeShouldBe(UtilSteps.java:10)
✽.the response status code should be 404(classpath:features/api/%20get_book_by_id.feature:19)
</system-err></testcase><testcase name="Retrieve a book with a valid ID as a non-logged-in user"><failure message="Response body should contain the error message: Unauthorized access" type="java.lang.AssertionError">Response body should contain the error message: Unauthorized access</failure><system-err>Response body should contain the error message: Unauthorized access
serenity.rest.starter@1.0.0-SNAPSHOT/starter.steps.api.GetBookByIdSteps.theResponseShouldContainTheErrorMessage(GetBookByIdSteps.java:85)
✽.the response should contain the error message "Unauthorized access"(classpath:features/api/%20get_book_by_id.feature:34)
</system-err></testcase></testsuite>